# JRE version: OpenJDK Runtime Environment (8.0_152-b01) (build 1.8.0_152-release-1248-b01)
# Java VM: OpenJDK 64-Bit Server VM (25.152-b01 mixed mode windows-amd64 compressed oops)
Heap:
 PSYoungGen      total 494080K, used 175558K [0x00000000e0000000, 0x00000000fff80000, 0x0000000100000000)
  eden space 464384K, 36% used [0x00000000e0000000,0x00000000ea5008e0,0x00000000fc580000)
  from space 29696K, 22% used [0x00000000fe280000,0x00000000fe8f0fe0,0x00000000fff80000)
  to   space 29696K, 0% used [0x00000000fc580000,0x00000000fc580000,0x00000000fe280000)
 ParOldGen       total 116736K, used 52050K [0x00000000a0000000, 0x00000000a7200000, 0x00000000e0000000)
  object space 116736K, 44% used [0x00000000a0000000,0x00000000a32d4960,0x00000000a7200000)
 Metaspace       used 114397K, capacity 117948K, committed 118040K, reserved 1153024K
  class space    used 14105K, capacity 14846K, committed 14896K, reserved 1048576K
GC Heap History (10 events):
Event: 2042.832 GC heap before
{Heap before GC invocations=24 (full 4):
 PSYoungGen      total 370176K, used 366979K [0x00000000e0000000, 0x00000000fb880000, 0x0000000100000000)
  eden space 341504K, 100% used [0x00000000e0000000,0x00000000f4d80000,0x00000000f4d80000)
  from space 28672K, 88% used [0x00000000f4d80000,0x00000000f6660eb0,0x00000000f6980000)
  to   space 31744K, 0% used [0x00000000f9980000,0x00000000f9980000,0x00000000fb880000)
 ParOldGen       total 116736K, used 52018K [0x00000000a0000000, 0x00000000a7200000, 0x00000000e0000000)
  object space 116736K, 44% used [0x00000000a0000000,0x00000000a32cc960,0x00000000a7200000)
 Metaspace       used 110206K, capacity 113054K, committed 113304K, reserved 1148928K
  class space    used 13593K, capacity 14233K, committed 14256K, reserved 1048576K
Event: 2042.913 GC heap after
Heap after GC invocations=24 (full 4):
 PSYoungGen      total 420352K, used 15644K [0x00000000e0000000, 0x00000000fc700000, 0x0000000100000000)
  eden space 388608K, 0% used [0x00000000e0000000,0x00000000e0000000,0x00000000f7b80000)
  from space 31744K, 49% used [0x00000000f9980000,0x00000000fa8c7148,0x00000000fb880000)
  to   space 30720K, 0% used [0x00000000f7b80000,0x00000000f7b80000,0x00000000f9980000)
 ParOldGen       total 116736K, used 52026K [0x00000000a0000000, 0x00000000a7200000, 0x00000000e0000000)
  object space 116736K, 44% used [0x00000000a0000000,0x00000000a32ce960,0x00000000a7200000)
 Metaspace       used 110206K, capacity 113054K, committed 113304K, reserved 1148928K
  class space    used 13593K, capacity 14233K, committed 14256K, reserved 1048576K
}
Event: 2045.138 GC heap before
{Heap before GC invocations=25 (full 4):
 PSYoungGen      total 420352K, used 404252K [0x00000000e0000000, 0x00000000fc700000, 0x0000000100000000)
  eden space 388608K, 100% used [0x00000000e0000000,0x00000000f7b80000,0x00000000f7b80000)
  from space 31744K, 49% used [0x00000000f9980000,0x00000000fa8c7148,0x00000000fb880000)
  to   space 30720K, 0% used [0x00000000f7b80000,0x00000000f7b80000,0x00000000f9980000)
 ParOldGen       total 116736K, used 52026K [0x00000000a0000000, 0x00000000a7200000, 0x00000000e0000000)
  object space 116736K, 44% used [0x00000000a0000000,0x00000000a32ce960,0x00000000a7200000)
 Metaspace       used 110354K, capacity 113208K, committed 113304K, reserved 1148928K
  class space    used 13596K, capacity 14236K, committed 14256K, reserved 1048576K
Event: 2045.187 GC heap after
Heap after GC invocations=25 (full 4):
 PSYoungGen      total 419328K, used 19517K [0x00000000e0000000, 0x0000000100000000, 0x0000000100000000)
  eden space 388608K, 0% used [0x00000000e0000000,0x00000000e0000000,0x00000000f7b80000)
  from space 30720K, 63% used [0x00000000f7b80000,0x00000000f8e8f6c8,0x00000000f9980000)
  to   space 31232K, 0% used [0x00000000fe180000,0x00000000fe180000,0x0000000100000000)
 ParOldGen       total 116736K, used 52034K [0x00000000a0000000, 0x00000000a7200000, 0x00000000e0000000)
  object space 116736K, 44% used [0x00000000a0000000,0x00000000a32d0960,0x00000000a7200000)
 Metaspace       used 110354K, capacity 113208K, committed 113304K, reserved 1148928K
  class space    used 13596K, capacity 14236K, committed 14256K, reserved 1048576K
}
Event: 2048.258 GC heap before
{Heap before GC invocations=26 (full 4):
 PSYoungGen      total 419328K, used 408125K [0x00000000e0000000, 0x0000000100000000, 0x0000000100000000)
  eden space 388608K, 100% used [0x00000000e0000000,0x00000000f7b80000,0x00000000f7b80000)
  from space 30720K, 63% used [0x00000000f7b80000,0x00000000f8e8f6c8,0x00000000f9980000)
  to   space 31232K, 0% used [0x00000000fe180000,0x00000000fe180000,0x0000000100000000)
 ParOldGen       total 116736K, used 52034K [0x00000000a0000000, 0x00000000a7200000, 0x00000000e0000000)
  object space 116736K, 44% used [0x00000000a0000000,0x00000000a32d0960,0x00000000a7200000)
 Metaspace       used 110490K, capacity 113366K, committed 113560K, reserved 1148928K
  class space    used 13600K, capacity 14241K, committed 14256K, reserved 1048576K
Event: 2048.310 GC heap after
Heap after GC invocations=26 (full 4):
 PSYoungGen      total 492032K, used 8890K [0x00000000e0000000, 0x00000000ffe80000, 0x0000000100000000)
  eden space 462336K, 0% used [0x00000000e0000000,0x00000000e0000000,0x00000000fc380000)
  from space 29696K, 29% used [0x00000000fe180000,0x00000000fea2e9d0,0x00000000ffe80000)
  to   space 30208K, 0% used [0x00000000fc380000,0x00000000fc380000,0x00000000fe100000)
 ParOldGen       total 116736K, used 52034K [0x00000000a0000000, 0x00000000a7200000, 0x00000000e0000000)
  object space 116736K, 44% used [0x00000000a0000000,0x00000000a32d0960,0x00000000a7200000)
 Metaspace       used 110490K, capacity 113366K, committed 113560K, reserved 1148928K
  class space    used 13600K, capacity 14241K, committed 14256K, reserved 1048576K
}
Event: 2059.098 GC heap before
{Heap before GC invocations=27 (full 4):
 PSYoungGen      total 492032K, used 471188K [0x00000000e0000000, 0x00000000ffe80000, 0x0000000100000000)
  eden space 462336K, 99% used [0x00000000e0000000,0x00000000fc3766d8,0x00000000fc380000)
  from space 29696K, 29% used [0x00000000fe180000,0x00000000fea2e9d0,0x00000000ffe80000)
  to   space 30208K, 0% used [0x00000000fc380000,0x00000000fc380000,0x00000000fe100000)
 ParOldGen       total 116736K, used 52034K [0x00000000a0000000, 0x00000000a7200000, 0x00000000e0000000)
  object space 116736K, 44% used [0x00000000a0000000,0x00000000a32d0960,0x00000000a7200000)
 Metaspace       used 113242K, capacity 116628K, committed 116888K, reserved 1150976K
  class space    used 13953K, capacity 14668K, committed 14768K, reserved 1048576K
Event: 2059.135 GC heap after
Heap after GC invocations=27 (full 4):
 PSYoungGen      total 492544K, used 16391K [0x00000000e0000000, 0x00000000fff80000, 0x0000000100000000)
  eden space 462336K, 0% used [0x00000000e0000000,0x00000000e0000000,0x00000000fc380000)
  from space 30208K, 54% used [0x00000000fc380000,0x00000000fd381f08,0x00000000fe100000)
  to   space 29696K, 0% used [0x00000000fe280000,0x00000000fe280000,0x00000000fff80000)
 ParOldGen       total 116736K, used 52042K [0x00000000a0000000, 0x00000000a7200000, 0x00000000e0000000)
  object space 116736K, 44% used [0x00000000a0000000,0x00000000a32d2960,0x00000000a7200000)
 Metaspace       used 113242K, capacity 116628K, committed 116888K, reserved 1150976K
  class space    used 13953K, capacity 14668K, committed 14768K, reserved 1048576K
}
Event: 2443.262 GC heap before
{Heap before GC invocations=28 (full 4):
 PSYoungGen      total 492544K, used 478727K [0x00000000e0000000, 0x00000000fff80000, 0x0000000100000000)
  eden space 462336K, 100% used [0x00000000e0000000,0x00000000fc380000,0x00000000fc380000)
  from space 30208K, 54% used [0x00000000fc380000,0x00000000fd381f08,0x00000000fe100000)
  to   space 29696K, 0% used [0x00000000fe280000,0x00000000fe280000,0x00000000fff80000)
 ParOldGen       total 116736K, used 52042K [0x00000000a0000000, 0x00000000a7200000, 0x00000000e0000000)
  object space 116736K, 44% used [0x00000000a0000000,0x00000000a32d2960,0x00000000a7200000)
 Metaspace       used 113574K, capacity 116876K, committed 117144K, reserved 1150976K
  class space    used 13999K, capacity 14678K, committed 14768K, reserved 1048576K
Event: 2443.310 GC heap after
Heap after GC invocations=28 (full 4):
 PSYoungGen      total 494080K, used 6595K [0x00000000e0000000, 0x00000000fff80000, 0x0000000100000000)
  eden space 464384K, 0% used [0x00000000e0000000,0x00000000e0000000,0x00000000fc580000)
  from space 29696K, 22% used [0x00000000fe280000,0x00000000fe8f0fe0,0x00000000fff80000)
  to   space 29696K, 0% used [0x00000000fc580000,0x00000000fc580000,0x00000000fe280000)
 ParOldGen       total 116736K, used 52050K [0x00000000a0000000, 0x00000000a7200000, 0x00000000e0000000)
  object space 116736K, 44% used [0x00000000a0000000,0x00000000a32d4960,0x00000000a7200000)
 Metaspace       used 113574K, capacity 116876K, committed 117144K, reserved 1150976K
  class space    used 13999K, capacity 14678K, committed 14768K, reserved 1048576K
}

